MPASM 5.87                          MAIN.ASM   10-4-2023  13:27:48         PAGE  1


LOC  OBJECT CODE     LINE SOURCE TEXT
  VALUE

                      00001 
                      00002     #include "p16f877a.inc" ; INCLUDE DO PIC
                      00001         LIST
                      00002 
                      00003 ;==========================================================================
                      00004 ; Build date : Jan 06 2020
                      00005 ;  MPASM PIC16F877A processor include
                      00006 ; 
                      00007 ;  (c) Copyright 1999-2020 Microchip Technology, All rights reserved
                      00008 ;==========================================================================
                      00009 
                      00567         LIST
                      00003     
                      00004     ; PALAVRA DE CONFIGURAÇÃO - HABILITA E DESABILITA ALGUMAS OPÇÕES
2007   3F39           00005     __CONFIG _XT_OSC & _WDTE_OFF & _PWRTE_OFF & _BOREN_OFF & _LVP_OFF & _CPD_OFF & _WRT_OFF & _CP_OFF 
                      00006     
                      00007     ;---------- VARIÁVEIS P/ O PROG. -> SERÃO ESCRITAS NA RAM ----------
                      00008     cblock 0x20
  00000020            00009         flags
  00000021            00010         tmp_work
  00000022            00011         tmp_status
  00000023            00012         tmp_fsr
  00000024            00013         tmp_pclath
  00000025            00014         aux_timer0
                      00015     endc
                      00016     ;--------------------------------------------------------------------
                      00017     
                      00018     ;---------- 'NICK NAMES' PARA ALGUMAS INSTRUÇÕES (FALICITAR ENTENDIMENTO) ----------
                      00019     #define INC_BTN PORTD, 0
                      00020     #define DEC_BTN PORTD, 1
                      00021     #define RESET_BTN PORTD, 2
                      00022     #define OUT_UNI PORTB
                      00023     #define OUT_DEZ PORTC
                      00024     #define FLAG_TEMPORIZER flags, 0
                      00025     ;-----------------------------------------------------------------------------------
                      00026     
                      00027     org 0x00                    ; VETOR DE RESET
0000   2???           00028     goto start
                      00029     
                      00030     org 0x04                    ; VETOR DE INTERRUPÇÃO 
                      00031         
Warning[207]: Found label after column 1. (context_saver)
0004                  00032     context_saver:              ; SALVA CONTEÚDO
0004   00A1           00033         movwf   tmp_work                
0005   0E03           00034         swapf   STATUS,W                
0006   00A2           00035         movwf   tmp_status
0007   0804           00036         movf    FSR,W
0008   00A3           00037         movwf   tmp_fsr         
0009   080A           00038         movf    PCLATH,W
000A   00A4           00039         movwf   tmp_pclath              
000B   018A           00040         clrf    PCLATH                  
000C   0183           00041         clrf    STATUS   
                      00042         
MPASM 5.87                          MAIN.ASM   10-4-2023  13:27:48         PAGE  2


LOC  OBJECT CODE     LINE SOURCE TEXT
  VALUE

                      00043                                 ; TRATA INTERRUPÇÃO
000D   1D0B           00044         btfss INTCON, TMR0IF    ; TESTA SE A INTERRUPÇÃO OCORREU PELO OVERFLOW DO TIMER
000E   2???           00045         goto exit_INT           ; SE NÃO, SAI DA INTERRUPÇÃO. SE SIM, CONTINUA.
                      00046         
000F   110B           00047         bcf INTCON, TMR0IF      ; LIMPA A FLAG
0010   3000           00048         movlw .0                ; RECARREGA TIMER
0011   0081           00049         movwf TMR0      
                      00050         
0012   0BA5           00051         decfsz aux_timer0, F    ; DECREMENTA AUX - SE NÃO FOR ZERO, DECREMENTA E
0013   2???           00052         goto exit_INT           ; SAI
                      00053         
0014   3080           00054         movlw .128              ; SE ZERO, RECARREGA AUX E
0015   00A5           00055         movwf aux_timer0
                      00056         
0016   1420           00057         BSF FLAG_TEMPORIZER     ; SETA FLAG TEMPORIZADORA
                      00058                              
Warning[207]: Found label after column 1. (exit_INT)
0017                  00059     exit_INT:                   ; RECUPERA REGISTRADORES ANTES DE SAIR DA FUNC
0017   0824           00060         movf    tmp_pclath,W
0018   008A           00061         movwf   PCLATH          
0019   0823           00062         movf    tmp_fsr,W
001A   0084           00063         movwf   FSR             
001B   0E22           00064         swapf   tmp_status,W
001C   0083           00065         movwf   STATUS          
001D   0EA1           00066         swapf   tmp_work,F
001E   0E21           00067         swapf   tmp_work,W      
                      00068         
001F   0009           00069      retfie
                      00070     
                      00071     ;---------- CONFIG. INICIAIS - PORTAS ----------
Warning[207]: Found label after column 1. (start)
0020                  00072     start: 
0020   1683           00073         bsf STATUS, RP0 ; SELECIONA BANCO 01
                      00074         
0021   3000           00075         movlw 0x00              ; SELECIONA PORTAS B E C COMO SAÍDA
Message[302]: Register in operand not in bank 0.  Ensure that bank bits are correct.
0022   0086           00076         movwf TRISB 
0023   3000           00077         movlw 0x00
Message[302]: Register in operand not in bank 0.  Ensure that bank bits are correct.
0024   0087           00078         movwf TRISC
0025   30FF           00079         movlw 0xFF              ; SELECIONA PORTAS D COMO ENTRADA
Message[302]: Register in operand not in bank 0.  Ensure that bank bits are correct.
0026   0088           00080         movwf TRISD
                      00081         
0027   3094           00082         movlw b'10010100'       ; SETA OPÇÕES, PRINCIPALMENTE: CICLO DE CLOCK INTERNO 
                      00083                                 ; IMPLEMENTA TIMER0, PREESCALER DESIGNADO PRA TIMER0,
Message[302]: Register in operand not in bank 0.  Ensure that bank bits are correct.
0028   0081           00084         movwf OPTION_REG        ; PREESCALER RATE 1:32.
                      00085         
0029   1283           00086         bcf STATUS, RP0         ; SELECIONA BANCO 0
                      00087         
002A   178B           00088         bsf INTCON, 7           ; HABILITA INTERRUPÇÃO GLOBAL
002B   168B           00089         bsf INTCON, 5           ; HABILITA INTERRUPÇÃO PELO TIMER0
MPASM 5.87                          MAIN.ASM   10-4-2023  13:27:48         PAGE  3


LOC  OBJECT CODE     LINE SOURCE TEXT
  VALUE

                      00090         
002C   3000           00091         movlw .0                ; INICIALIZA TIMER0 EM '0'
002D   0081           00092         movwf TMR0 
                      00093         
002E   1020           00094         bcf FLAG_TEMPORIZER     ; LIMPA FLAG TEMPORIZADORA
                      00095         
002F   3080           00096         movlw .128              ; MOVE '128' PARA A VARIÁVEL AUXILIAR
0030   00A5           00097         movwf aux_timer0
                      00098 
0031   0186           00099         clrf OUT_UNI            ; ZERA OS DISPLAYS
0032   0187           00100         clrf OUT_DEZ
                      00101     ;------------------------------------------------
                      00102     
                      00103     
                      00104     ;---------- FUNÇÃO PRINCIPAL - AGUARDA ACIONAMENTO DE ALGM BTN ----------
Warning[207]: Found label after column 1. (main)
0033                  00105     main:
0033   1C08           00106         btfss INC_BTN
0034   2???           00107         call increase
                      00108         
0035   1C88           00109         btfss DEC_BTN
0036   2???           00110         call decrease
                      00111         
0037   1D08           00112         btfss RESET_BTN
0038   2???           00113         call zeroOnDisplay
                      00114         
0039   2???           00115      goto main
                      00116     ;------------------------------------------------------------------------
                      00117     
Warning[207]: Found label after column 1. (increase)
003A                  00118     increase:
003A   2???           00119         call temporizer     ; CHAMA TEMPORIZADOR
003B   0806           00120         movf OUT_UNI, W     ; RECUPERA CONTEUDO DA SAIDA DE UNIDADE PARA O WREG
                      00121         
003C   3EF7           00122         addlw .247          ; CONFERE SE A UNIDADE JÁ EH '9' PARA CHAMAR DEZENA
003D   1903           00123         btfsc STATUS, Z     ; SE CHEGOU, CHAMA FUNÇÃO Q COMPLEMENTA DEZENA
003E   2???           00124         call increaseDez
                      00125         
003F   0806           00126         movf OUT_UNI, W     ; SE NÃO, APENAS COMPLEMENTA UNIDADE
0040   3E01           00127         addlw 0x01
0041   0086           00128         movwf OUT_UNI
                      00129         
0042   0008           00130      return                 ; VOLTA PRA MAIN
                      00131         
Warning[207]: Found label after column 1. (decrease)
0043                  00132     decrease:
0043   2???           00133         call temporizer     ; CHAMA TEMPORIZADOR
0044   0806           00134         movf OUT_UNI, W     ; RECUPERA CONTEUDO DA SAIDA DE UNIDADE PARA O WREG
                      00135         
0045   3E00           00136         addlw 0x00          ; CONFERE SE A UNIDADE JÁ EH '0' PARA CHAMAR DEZENA
0046   1903           00137         btfsc STATUS, Z     ; SE JÁ CHEGOU, CHAMA FUNÇÃO Q DECREMENTA DEZENA
0047   2???           00138         call decreaseDez
                      00139         
MPASM 5.87                          MAIN.ASM   10-4-2023  13:27:48         PAGE  4


LOC  OBJECT CODE     LINE SOURCE TEXT
  VALUE

0048   0806           00140         movf OUT_UNI, W     ; SE NÃO, APENAS DECREMENTA UNIDADE
0049   3EFF           00141         addlw .255          ; ADD 255 = DEC em 1, já que, ex: 08h + 255h = 07h
004A   0086           00142         movwf OUT_UNI
                      00143         
                      00144 
004B   0008           00145      return                 ; VOLTA PRA MAIN
                      00146         
                      00147     
Warning[207]: Found label after column 1. (increaseDez)
004C                  00148     increaseDez:
                      00149         
004C   3000           00150         movlw 0x00          ; ZERA DISPLAY UNIDADE
004D   0086           00151         movwf OUT_UNI
                      00152         
004E   0807           00153         movf OUT_DEZ, W     ; RECUPERA CONTEUDO DA SAIDA DA DEZENA PARA O WREG
                      00154         
004F   3EF7           00155         addlw .247          ; CONFERE SE DEZENA JÁ EH '9' PARA ZERAR
0050   1903           00156         btfsc STATUS, Z     ; SE JÁ CHEGOU ZERA DISPLAYS, JÁ Q EH '99'
0051   2???           00157         call zeraQndNineNine
                      00158         
0052   0807           00159         movf OUT_DEZ, W     ; SE NÃO, APENAS INCREMENTA DEZENA
0053   3E01           00160         addlw 0x01
0054   0087           00161         movwf OUT_DEZ
                      00162         
                      00163         
0055   2???           00164      goto main              ; VOLTA PRA MAIN
                      00165         
                      00166     
Warning[207]: Found label after column 1. (decreaseDez)
0056                  00167     decreaseDez:
                      00168         
0056   3009           00169         movlw 0x09          ; BOTA '9' NO DISPLAY NA UNIDADE
0057   0086           00170         movwf OUT_UNI
                      00171         
0058   0807           00172         movf OUT_DEZ, W     ; RECUPERA CONTEUDO DA SAIDA DA DEZENA PARA O WREG
                      00173         
0059   3E00           00174         addlw 0x00          ; CONFERE SE DEZENA JÁ EH '0' PARA POR '99'
005A   1903           00175         btfsc STATUS, Z     ; SE JÁ CHEGOU BOTA '99' NOS DISPLAYS, JÁ Q EH '00'
005B   2???           00176         call NineNineQndZeroZero
                      00177         
005C   0807           00178         movf OUT_DEZ, W     ; SE NÃO, APENAS DECREMENTA DEZENA
005D   3EFF           00179         addlw .255          ; ADD 255 = DEC em 1, já que, ex: 08h + 255h = 07h
005E   0087           00180         movwf OUT_DEZ
                      00181         
                      00182      
005F   2???           00183      goto main              ; VOLTA PRA MAIN
                      00184      
                      00185     
Warning[207]: Found label after column 1. (zeraQndNineNine)
0060                  00186     zeraQndNineNine:        ; QUANDO CHEGA EM 99 E O BOTÃO DE INCREMENTO FOR 
                      00187                             ; ACIONADO ESSA FUNÇÃO EH ATIVADA.
                      00188 
0060   3000           00189         movlw 0x00          ; MOVE '0' PARA UNIDADE PARA SER MOSTRADO NO DISPLAY
MPASM 5.87                          MAIN.ASM   10-4-2023  13:27:48         PAGE  5


LOC  OBJECT CODE     LINE SOURCE TEXT
  VALUE

0061   0086           00190         movwf OUT_UNI
0062   30FF           00191         movlw .255          ; MOVE '255' PARA DEZENA, POIS QUANDO ELA RETORNAR 
                      00192                             ; PARA A FUNÇÃO DE INCREMENTO, ELA SERÁ INCREMENTADA 
                      00193                             ; EM '1' + UMA VEZ, OQ RESULTARÁ EM '0' E ENTÃO
                      00194                             ; SERÁ MOSTRADA NO DISPLAY
0063   0087           00195         movwf OUT_DEZ
                      00196         
                      00197         
0064   0008           00198      return
                      00199      
Warning[207]: Found label after column 1. (NineNineQndZeroZero)
0065                  00200     NineNineQndZeroZero:   ; QUANDO CHEGA EM 00 E O BOTÃO DE DECREMENTO FOR 
                      00201                            ; ACIONADO ESSA FUNÇÃO EH ATIVADA.
                      00202         
                      00203         
0065   3009           00204         movlw 0x09          ; MOVE '9' PARA UNIDADE PARA SER MOSTRADO NO DISPLAY
0066   0086           00205         movwf OUT_UNI
0067   300A           00206         movlw 0x0A          ; MOVE '10' PARA DEZENA, POIS QUANDO ELA RETORNAR 
                      00207                             ; PARA A FUNÇÃO DE DECREMENTO, ELA SERÁ DECREMENTADA 
                      00208                             ; EM '1' + UMA VEZ, OQ RESULTARÁ EM '9' E ENTÃO
                      00209                             ; SERÁ MOSTRADA NO DISPLAY
0068   0087           00210         movwf OUT_DEZ
                      00211         
0069   0008           00212      return
                      00213         
                      00214         
Warning[207]: Found label after column 1. (zeroOnDisplay)
006A                  00215     zeroOnDisplay:
006A   2???           00216         call temporizer
006B   3000           00217         movlw 0x00
006C   0086           00218         movwf OUT_UNI
006D   3000           00219         movlw 0x00
006E   0087           00220         movwf OUT_DEZ
                      00221         
                      00222      
006F   0008           00223      return
                      00224     
                      00225     
                      00226     ;-------------------- TEMPORIZADOR --------------------
Warning[207]: Found label after column 1. (temporizer)
0070                  00227     temporizer:
0070   1C20           00228         btfss FLAG_TEMPORIZER
0071   2???           00229         goto temporizer
0072   1020           00230         bcf FLAG_TEMPORIZER
0073   0008           00231      return     
                      00232     ; TEMPORIZADOR = CONTAGEM TIMER0 X PRESCALER X CICLO DE MAQUINA X AUX_TIMER0
                      00233     ; TEMPORIZADOR =      256        X    32     X     1.10^-6      X     128
                      00234     ; TEMPORIZADOR = 1,05s aprox.
                      00235     ;-----------------------------------------------------
                      00236      
                      00237      
3F39                  00238     end                         ; FIM DO PROGRAMA    
MPASM 5.87                          MAIN.ASM   10-4-2023  13:27:48         PAGE  6


SYMBOL TABLE
  LABEL                             VALUE 

ACKDT                             00000005
ACKEN                             00000004
ACKSTAT                           00000006
ADCON0                            0000001F
ADCON1                            0000009F
ADCS0                             00000006
ADCS1                             00000007
ADCS2                             00000006
ADDEN                             00000003
ADFM                              00000007
ADIE                              00000006
ADIF                              00000006
ADON                              00000000
ADRESH                            0000001E
ADRESL                            0000009E
BCLIE                             00000003
BCLIF                             00000003
BF                                00000000
BRGH                              00000002
C                                 00000000
C1INV                             00000004
C1OUT                             00000006
C2INV                             00000005
C2OUT                             00000007
CCP1CON                           00000017
CCP1IE                            00000002
CCP1IF                            00000002
CCP1M0                            00000000
CCP1M1                            00000001
CCP1M2                            00000002
CCP1M3                            00000003
CCP1X                             00000005
CCP1Y                             00000004
CCP2CON                           0000001D
CCP2IE                            00000000
CCP2IF                            00000000
CCP2M0                            00000000
CCP2M1                            00000001
CCP2M2                            00000002
CCP2M3                            00000003
CCP2X                             00000005
CCP2Y                             00000004
CCPR1                             00000015
CCPR1H                            00000016
CCPR1L                            00000015
CCPR2                             0000001B
CCPR2H                            0000001C
CCPR2L                            0000001B
CHS0                              00000003
CHS1                              00000004
CHS2                              00000005
CIS                               00000003
CKE                               00000006
MPASM 5.87                          MAIN.ASM   10-4-2023  13:27:48         PAGE  7


SYMBOL TABLE
  LABEL                             VALUE 

CKP                               00000004
CM0                               00000000
CM1                               00000001
CM2                               00000002
CMCON                             0000009C
CMIE                              00000006
CMIF                              00000006
CREN                              00000004
CSRC                              00000007
CVR0                              00000000
CVR1                              00000001
CVR2                              00000002
CVR3                              00000003
CVRCON                            0000009D
CVREN                             00000007
CVROE                             00000006
CVRR                              00000005
D                                 00000005
DATA_ADDRESS                      00000005
DC                                00000001
DEC_BTN                           PORTD, 1
D_A                               00000005
D_NOT_A                           00000005
EEADR                             0000010D
EEADRH                            0000010F
EECON1                            0000018C
EECON2                            0000018D
EEDATA                            0000010C
EEDATH                            0000010E
EEIE                              00000004
EEIF                              00000004
EEPGD                             00000007
F                                 00000001
FERR                              00000002
FLAG_TEMPORIZER                   flags, 0
FSR                               00000004
GCEN                              00000007
GIE                               00000007
GO                                00000002
GO_DONE                           00000002
GO_NOT_DONE                       00000002
I2C_DATA                          00000005
I2C_READ                          00000002
I2C_START                         00000003
I2C_STOP                          00000004
IBF                               00000007
IBOV                              00000005
INC_BTN                           PORTD, 0
INDF                              00000000
INTCON                            0000000B
INTE                              00000004
INTEDG                            00000006
INTF                              00000001
MPASM 5.87                          MAIN.ASM   10-4-2023  13:27:48         PAGE  8


SYMBOL TABLE
  LABEL                             VALUE 

IRP                               00000007
NOT_A                             00000005
NOT_ADDRESS                       00000005
NOT_BO                            00000000
NOT_BOR                           00000000
NOT_DONE                          00000002
NOT_PD                            00000003
NOT_POR                           00000001
NOT_RBPU                          00000007
NOT_RC8                           00000006
NOT_T1SYNC                        00000002
NOT_TO                            00000004
NOT_TX8                           00000006
NOT_W                             00000002
NOT_WRITE                         00000002
NineNineQndZeroZero               00000065
OBF                               00000006
OERR                              00000001
OPTION_REG                        00000081
OUT_DEZ                           PORTC
OUT_UNI                           PORTB
P                                 00000004
PCFG0                             00000000
PCFG1                             00000001
PCFG2                             00000002
PCFG3                             00000003
PCL                               00000002
PCLATH                            0000000A
PCON                              0000008E
PEIE                              00000006
PEN                               00000002
PIE1                              0000008C
PIE2                              0000008D
PIR1                              0000000C
PIR2                              0000000D
PORTA                             00000005
PORTB                             00000006
PORTC                             00000007
PORTD                             00000008
PORTE                             00000009
PR2                               00000092
PS0                               00000000
PS1                               00000001
PS2                               00000002
PSA                               00000003
PSPIE                             00000007
PSPIF                             00000007
PSPMODE                           00000004
R                                 00000002
RA0                               00000000
RA1                               00000001
RA2                               00000002
RA3                               00000003
MPASM 5.87                          MAIN.ASM   10-4-2023  13:27:48         PAGE  9


SYMBOL TABLE
  LABEL                             VALUE 

RA4                               00000004
RA5                               00000005
RB0                               00000000
RB1                               00000001
RB2                               00000002
RB3                               00000003
RB4                               00000004
RB5                               00000005
RB6                               00000006
RB7                               00000007
RBIE                              00000003
RBIF                              00000000
RC0                               00000000
RC1                               00000001
RC2                               00000002
RC3                               00000003
RC4                               00000004
RC5                               00000005
RC6                               00000006
RC7                               00000007
RC8_9                             00000006
RC9                               00000006
RCD8                              00000000
RCEN                              00000003
RCIE                              00000005
RCIF                              00000005
RCREG                             0000001A
RCSTA                             00000018
RD                                00000000
RD0                               00000000
RD1                               00000001
RD2                               00000002
RD3                               00000003
RD4                               00000004
RD5                               00000005
RD6                               00000006
RD7                               00000007
RE0                               00000000
RE1                               00000001
RE2                               00000002
READ_WRITE                        00000002
RESET_BTN                         PORTD, 2
RP0                               00000005
RP1                               00000006
RSEN                              00000001
RX9                               00000006
RX9D                              00000000
R_NOT_W                           00000002
R_W                               00000002
S                                 00000003
SEN                               00000000
SMP                               00000007
SPBRG                             00000099
MPASM 5.87                          MAIN.ASM   10-4-2023  13:27:48         PAGE 10


SYMBOL TABLE
  LABEL                             VALUE 

SPEN                              00000007
SREN                              00000005
SSPADD                            00000093
SSPBUF                            00000013
SSPCON                            00000014
SSPCON2                           00000091
SSPEN                             00000005
SSPIE                             00000003
SSPIF                             00000003
SSPM0                             00000000
SSPM1                             00000001
SSPM2                             00000002
SSPM3                             00000003
SSPOV                             00000006
SSPSTAT                           00000094
STATUS                            00000003
SYNC                              00000004
T0CS                              00000005
T0IE                              00000005
T0IF                              00000002
T0SE                              00000004
T1CKPS0                           00000004
T1CKPS1                           00000005
T1CON                             00000010
T1INSYNC                          00000002
T1OSCEN                           00000003
T1SYNC                            00000002
T2CKPS0                           00000000
T2CKPS1                           00000001
T2CON                             00000012
TMR0                              00000001
TMR0IE                            00000005
TMR0IF                            00000002
TMR1                              0000000E
TMR1CS                            00000001
TMR1H                             0000000F
TMR1IE                            00000000
TMR1IF                            00000000
TMR1L                             0000000E
TMR1ON                            00000000
TMR2                              00000011
TMR2IE                            00000001
TMR2IF                            00000001
TMR2ON                            00000002
TOUTPS0                           00000003
TOUTPS1                           00000004
TOUTPS2                           00000005
TOUTPS3                           00000006
TRISA                             00000085
TRISA0                            00000000
TRISA1                            00000001
TRISA2                            00000002
TRISA3                            00000003
MPASM 5.87                          MAIN.ASM   10-4-2023  13:27:48         PAGE 11


SYMBOL TABLE
  LABEL                             VALUE 

TRISA4                            00000004
TRISA5                            00000005
TRISB                             00000086
TRISB0                            00000000
TRISB1                            00000001
TRISB2                            00000002
TRISB3                            00000003
TRISB4                            00000004
TRISB5                            00000005
TRISB6                            00000006
TRISB7                            00000007
TRISC                             00000087
TRISC0                            00000000
TRISC1                            00000001
TRISC2                            00000002
TRISC3                            00000003
TRISC4                            00000004
TRISC5                            00000005
TRISC6                            00000006
TRISC7                            00000007
TRISD                             00000088
TRISD0                            00000000
TRISD1                            00000001
TRISD2                            00000002
TRISD3                            00000003
TRISD4                            00000004
TRISD5                            00000005
TRISD6                            00000006
TRISD7                            00000007
TRISE                             00000089
TRISE0                            00000000
TRISE1                            00000001
TRISE2                            00000002
TRMT                              00000001
TX8_9                             00000006
TX9                               00000006
TX9D                              00000000
TXD8                              00000000
TXEN                              00000005
TXIE                              00000004
TXIF                              00000004
TXREG                             00000019
TXSTA                             00000098
UA                                00000001
W                                 00000000
WCOL                              00000007
WR                                00000001
WREN                              00000002
WRERR                             00000003
Z                                 00000002
_BODEN_OFF                        00003FBF
_BODEN_ON                         00003FFF
_BOREN_OFF                        00003FBF
MPASM 5.87                          MAIN.ASM   10-4-2023  13:27:48         PAGE 12


SYMBOL TABLE
  LABEL                             VALUE 

_BOREN_ON                         00003FFF
_CONFIG                           00002007
_CPD_OFF                          00003FFF
_CPD_ON                           00003EFF
_CP_ALL                           00001FFF
_CP_OFF                           00003FFF
_CP_ON                            00001FFF
_DEBUG_OFF                        00003FFF
_DEBUG_ON                         000037FF
_DEVID1                           00002006
_FOSC_EXTRC                       00003FFF
_FOSC_HS                          00003FFE
_FOSC_LP                          00003FFC
_FOSC_XT                          00003FFD
_HS_OSC                           00003FFE
_IDLOC0                           00002000
_IDLOC1                           00002001
_IDLOC2                           00002002
_IDLOC3                           00002003
_LP_OSC                           00003FFC
_LVP_OFF                          00003F7F
_LVP_ON                           00003FFF
_PWRTE_OFF                        00003FFF
_PWRTE_ON                         00003FF7
_RC_OSC                           00003FFF
_WDTE_OFF                         00003FFB
_WDTE_ON                          00003FFF
_WDT_OFF                          00003FFB
_WDT_ON                           00003FFF
_WRT_1FOURTH                      00003BFF
_WRT_256                          00003DFF
_WRT_HALF                         000039FF
_WRT_OFF                          00003FFF
_XT_OSC                           00003FFD
__16F877A                         00000001
__DEBUG                           
__MPLAB_DEBUGGER_SIMULATOR        1
aux_timer0                        00000025
context_saver                     00000004
decrease                          00000043
decreaseDez                       00000056
exit_INT                          00000017
flags                             00000020
increase                          0000003A
increaseDez                       0000004C
main                              00000033
start                             00000020
temporizer                        00000070
tmp_fsr                           00000023
tmp_pclath                        00000024
tmp_status                        00000022
tmp_work                          00000021
zeraQndNineNine                   00000060
MPASM 5.87                          MAIN.ASM   10-4-2023  13:27:48         PAGE 13


SYMBOL TABLE
  LABEL                             VALUE 

zeroOnDisplay                     0000006A

Errors   :     0
Warnings :    12 reported,     0 suppressed
Messages :     4 reported,     0 suppressed

