MPASM 5.87                    TIMER_MAIN.ASM   9-21-2023  14:43:27         PAGE  1


LOC  OBJECT CODE     LINE SOURCE TEXT
  VALUE

                      00001 ;====================================================================
                      00002 ; Main.asm file generated by New Project wizard
                      00003 ;
                      00004 ; Created:   qua set 20 2023
                      00005 ; Processor: PIC16F877A
                      00006 ; Compiler:  MPASM (Proteus)
                      00007 ;====================================================================
                      00008 
                      00009 ;====================================================================
                      00010 ; DEFINITIONS
                      00011 ;====================================================================
                      00012    list p=16f877a       ; LIST is a directive; a directive it is
                      00013                                         ; a command or information for the assembler 
                      00014                                         ; or linker to make it behave
                      00015 
                      00016 #include <P16f877A.inc> ; Include register definition file
                      00001         LIST
                      00002 
                      00003 ;==========================================================================
                      00004 ; Build date : Jan 06 2020
                      00005 ;  MPASM PIC16F877A processor include
                      00006 ; 
                      00007 ;  (c) Copyright 1999-2020 Microchip Technology, All rights reserved
                      00008 ;==========================================================================
                      00009 
                      00567         LIST
                      00017 
                      00018    CBLOCK 0x20  ; mapeamento da memória - área da RAM para memória 
                      00019                                 ; de dados -  GPR
  00000020            00020       FLAGS
  00000021            00021       VAR_AUX
  00000022            00022       W_TEMP
  00000023            00023       S_TEMP
                      00024     ENDC
                      00025 
                      00026 ;====================================================================
                      00027 ; VARIABLES
                      00028 ;====================================================================
                      00029 #define LED1            PORTB, 0 ; apelidos
                      00030 #define LED2            PORTB, 1 ; apelidos
                      00031 #define FIM_500MS       FLAGS, 0
                      00032 
                      00033 ;====================================================================
                      00034 ; RESET and INTERRUPT VECTORS
                      00035 ;====================================================================
                      00036 
                      00037 
                      00038    ORG  0x00     ; Reset Vector
0000   2???           00039       GOTO  START
                      00040       
                      00041    ORG 0x04             ; Interruption Vector
                      00042    
0004   00A2           00043    MOVWF        W_TEMP          ; SALVAMENTO DE CONTEXTO
MPASM 5.87                    TIMER_MAIN.ASM   9-21-2023  14:43:27         PAGE  2


LOC  OBJECT CODE     LINE SOURCE TEXT
  VALUE

                      00044                                                 ; MOVE DE DADO P/ UMA POSIÇÃO DE MEMÓRIA
0005   0803           00045    MOVF         STATUS, W       ; MOVENDO DE UMA POSIÇÃO DE MEMÓRIA 
                      00046                                                 ; P/ DADO       
0006   00A3           00047    MOVWF        S_TEMP          ; SALVOU O VALOR DE STATUS EM S_TEMP
                      00048 
0007   1D0B           00049    BTFSS        INTCON, TMR0IF ; VERIFICA FLAG DO INTCON->T0IF
0008   2???           00050    GOTO         SAIDA_INT
                      00051    
0009   110B           00052    BCF          INTCON, TMR0IF ; LIMPA O BIT A CADA INTERRUPÇÃO
000A   3006           00053    MOVLW        .6                      ; REPRESENTAÇÃO EM DECIMAL
                      00054                                                 ; B'XXXX' EM BINÁRIO
000B   0781           00055    ADDWF        TMR0, F         ; JOGADA PARA CONTAR 250 E NÃO 256
000C   0BA1           00056    DECFSZ       VAR_AUX, F      ; DECREMENTA ATÉ ZERAR -> MEIO SEGUNDO
000D   2???           00057    GOTO         SAIDA_INT
                      00058    
000E   30FA           00059    MOVLW        .250
000F   00A1           00060    MOVWF        VAR_AUX
0010   1420           00061    BSF          FIM_500MS       ; SETA O BIT DE FIM_500MS
                      00062  
Warning[207]: Found label after column 1. (SAIDA_INT)
0011                  00063  SAIDA_INT ; RESTAURANDO CONTEXTO
0011   0803           00064    MOVF         STATUS, W
0012   0083           00065    MOVWF        STATUS
Message[305]: Using default destination of 1 (file).
0013   08A2           00066    MOVF         W_TEMP
                      00067    
0014   0009           00068    RETFIE
                      00069    
                      00070 ;====================================================================
                      00071 ; CODE SEGMENT
                      00072 ;====================================================================
                      00073 
0015                  00074 START
                      00075 
0015   1683           00076    BSF          STATUS, RP0 ; Seleciona Banco 1 - set bit rp0
                      00077    
0016   30FC           00078    MOVLW        B'11111100' ; PARA MANIPULAR UMA INFORMAÇÃO DE UM 
                      00079                                                 ; REGISTRO PARA OUTRO -> SALVA EM WORK E 
                      00080                                                 ; DEPOIS MOVE PARA O REGISTRO
Message[302]: Register in operand not in bank 0.  Ensure that bank bits are correct.
0017   0086           00081    MOVWF        TRISB           ; CONFIGURA PORTB - 0: SAÍDA - 1: ENTRADA
                      00082    
0018   3006           00083    MOVLW        B'00000110'
Message[302]: Register in operand not in bank 0.  Ensure that bank bits are correct.
0019   009F           00084    MOVWF        ADCON1          ; PORTA -> POSSUI ADC -> PARA CONFIGURAR
                      00085                                                 ; AS PORTAS COMO DIGITAIS-> VER DATASHEET
                      00086                                                 ; PAG.128 
                      00087                                                 
001A   30D2           00088    MOVLW        B'11010010' ; DIVIDINDO O CLK EM 8
Message[302]: Register in operand not in bank 0.  Ensure that bank bits are correct.
001B   0081           00089    MOVWF        OPTION_REG      ; CONF. PUL-UP/EDGEs/TMR SOURCE/PREESCALER
                      00090 
001C   1283           00091    BCF          STATUS, RP0
MPASM 5.87                    TIMER_MAIN.ASM   9-21-2023  14:43:27         PAGE  3


LOC  OBJECT CODE     LINE SOURCE TEXT
  VALUE

                      00092 
001D   30FA           00093    MOVLW        .250
001E   00A1           00094    MOVWF        VAR_AUX
001F   1020           00095    BCF          FIM_500MS
0020   1006           00096    BCF          LED1
0021   1086           00097    BCF          LED2
                      00098    
0022   3006           00099    MOVLW        .6
0023   0081           00100    MOVWF        TMR0
0024   178B           00101    BSF          INTCON, 7 ; Habilitar a interrupção global (GIE)
0025   168B           00102    BSF          INTCON, 5 ; Habilitar a interrupção do Timer 0 (TMR0)
                      00103 
                      00104 
                      00105    
0026                  00106 LOOP  
0026   1C20           00107       BTFSS     FIM_500MS       ; VERIFICA FLAG FIM_500MS 
                      00108                                                 ; PASSOU MEIO SEGUNDO?
0027   2???           00109       GOTO      LOOP
0028   1020           00110       BCF       FIM_500MS       ; ZERA O FLAG
                      00111       
0029   1C06           00112           BTFSS LED1            ; LED TÁ LIGADO
002A   2???           00113       GOTO      LED_ON          ; SE NÃO TÁ LIGADO -> LIGA
002B   1006           00114           BCF   LED1            ; ZERA FLAG
002C   1486           00115           BSF   LED2
002D   2???           00116           GOTO  LOOP
                      00117   
002E                  00118 LED_ON
002E   1406           00119       BSF       LED1
002F   1086           00120           BCF   LED2
0030   2???           00121       GOTO      LOOP
                      00122        
                      00123 ;====================================================================
                      00124       END
MPASM 5.87                    TIMER_MAIN.ASM   9-21-2023  14:43:27         PAGE  4


SYMBOL TABLE
  LABEL                             VALUE 

ACKDT                             00000005
ACKEN                             00000004
ACKSTAT                           00000006
ADCON0                            0000001F
ADCON1                            0000009F
ADCS0                             00000006
ADCS1                             00000007
ADCS2                             00000006
ADDEN                             00000003
ADFM                              00000007
ADIE                              00000006
ADIF                              00000006
ADON                              00000000
ADRESH                            0000001E
ADRESL                            0000009E
BCLIE                             00000003
BCLIF                             00000003
BF                                00000000
BRGH                              00000002
C                                 00000000
C1INV                             00000004
C1OUT                             00000006
C2INV                             00000005
C2OUT                             00000007
CCP1CON                           00000017
CCP1IE                            00000002
CCP1IF                            00000002
CCP1M0                            00000000
CCP1M1                            00000001
CCP1M2                            00000002
CCP1M3                            00000003
CCP1X                             00000005
CCP1Y                             00000004
CCP2CON                           0000001D
CCP2IE                            00000000
CCP2IF                            00000000
CCP2M0                            00000000
CCP2M1                            00000001
CCP2M2                            00000002
CCP2M3                            00000003
CCP2X                             00000005
CCP2Y                             00000004
CCPR1                             00000015
CCPR1H                            00000016
CCPR1L                            00000015
CCPR2                             0000001B
CCPR2H                            0000001C
CCPR2L                            0000001B
CHS0                              00000003
CHS1                              00000004
CHS2                              00000005
CIS                               00000003
CKE                               00000006
MPASM 5.87                    TIMER_MAIN.ASM   9-21-2023  14:43:27         PAGE  5


SYMBOL TABLE
  LABEL                             VALUE 

CKP                               00000004
CM0                               00000000
CM1                               00000001
CM2                               00000002
CMCON                             0000009C
CMIE                              00000006
CMIF                              00000006
CREN                              00000004
CSRC                              00000007
CVR0                              00000000
CVR1                              00000001
CVR2                              00000002
CVR3                              00000003
CVRCON                            0000009D
CVREN                             00000007
CVROE                             00000006
CVRR                              00000005
D                                 00000005
DATA_ADDRESS                      00000005
DC                                00000001
D_A                               00000005
D_NOT_A                           00000005
EEADR                             0000010D
EEADRH                            0000010F
EECON1                            0000018C
EECON2                            0000018D
EEDATA                            0000010C
EEDATH                            0000010E
EEIE                              00000004
EEIF                              00000004
EEPGD                             00000007
F                                 00000001
FERR                              00000002
FIM_500MS                         FLAGS, 0
FLAGS                             00000020
FSR                               00000004
GCEN                              00000007
GIE                               00000007
GO                                00000002
GO_DONE                           00000002
GO_NOT_DONE                       00000002
I2C_DATA                          00000005
I2C_READ                          00000002
I2C_START                         00000003
I2C_STOP                          00000004
IBF                               00000007
IBOV                              00000005
INDF                              00000000
INTCON                            0000000B
INTE                              00000004
INTEDG                            00000006
INTF                              00000001
IRP                               00000007
MPASM 5.87                    TIMER_MAIN.ASM   9-21-2023  14:43:27         PAGE  6


SYMBOL TABLE
  LABEL                             VALUE 

LED1                              PORTB, 0
LED2                              PORTB, 1
LED_ON                            0000002E
LOOP                              00000026
NOT_A                             00000005
NOT_ADDRESS                       00000005
NOT_BO                            00000000
NOT_BOR                           00000000
NOT_DONE                          00000002
NOT_PD                            00000003
NOT_POR                           00000001
NOT_RBPU                          00000007
NOT_RC8                           00000006
NOT_T1SYNC                        00000002
NOT_TO                            00000004
NOT_TX8                           00000006
NOT_W                             00000002
NOT_WRITE                         00000002
OBF                               00000006
OERR                              00000001
OPTION_REG                        00000081
P                                 00000004
PCFG0                             00000000
PCFG1                             00000001
PCFG2                             00000002
PCFG3                             00000003
PCL                               00000002
PCLATH                            0000000A
PCON                              0000008E
PEIE                              00000006
PEN                               00000002
PIE1                              0000008C
PIE2                              0000008D
PIR1                              0000000C
PIR2                              0000000D
PORTA                             00000005
PORTB                             00000006
PORTC                             00000007
PORTD                             00000008
PORTE                             00000009
PR2                               00000092
PS0                               00000000
PS1                               00000001
PS2                               00000002
PSA                               00000003
PSPIE                             00000007
PSPIF                             00000007
PSPMODE                           00000004
R                                 00000002
RA0                               00000000
RA1                               00000001
RA2                               00000002
RA3                               00000003
MPASM 5.87                    TIMER_MAIN.ASM   9-21-2023  14:43:27         PAGE  7


SYMBOL TABLE
  LABEL                             VALUE 

RA4                               00000004
RA5                               00000005
RB0                               00000000
RB1                               00000001
RB2                               00000002
RB3                               00000003
RB4                               00000004
RB5                               00000005
RB6                               00000006
RB7                               00000007
RBIE                              00000003
RBIF                              00000000
RC0                               00000000
RC1                               00000001
RC2                               00000002
RC3                               00000003
RC4                               00000004
RC5                               00000005
RC6                               00000006
RC7                               00000007
RC8_9                             00000006
RC9                               00000006
RCD8                              00000000
RCEN                              00000003
RCIE                              00000005
RCIF                              00000005
RCREG                             0000001A
RCSTA                             00000018
RD                                00000000
RD0                               00000000
RD1                               00000001
RD2                               00000002
RD3                               00000003
RD4                               00000004
RD5                               00000005
RD6                               00000006
RD7                               00000007
RE0                               00000000
RE1                               00000001
RE2                               00000002
READ_WRITE                        00000002
RP0                               00000005
RP1                               00000006
RSEN                              00000001
RX9                               00000006
RX9D                              00000000
R_NOT_W                           00000002
R_W                               00000002
S                                 00000003
SAIDA_INT                         00000011
SEN                               00000000
SMP                               00000007
SPBRG                             00000099
MPASM 5.87                    TIMER_MAIN.ASM   9-21-2023  14:43:27         PAGE  8


SYMBOL TABLE
  LABEL                             VALUE 

SPEN                              00000007
SREN                              00000005
SSPADD                            00000093
SSPBUF                            00000013
SSPCON                            00000014
SSPCON2                           00000091
SSPEN                             00000005
SSPIE                             00000003
SSPIF                             00000003
SSPM0                             00000000
SSPM1                             00000001
SSPM2                             00000002
SSPM3                             00000003
SSPOV                             00000006
SSPSTAT                           00000094
START                             00000015
STATUS                            00000003
SYNC                              00000004
S_TEMP                            00000023
T0CS                              00000005
T0IE                              00000005
T0IF                              00000002
T0SE                              00000004
T1CKPS0                           00000004
T1CKPS1                           00000005
T1CON                             00000010
T1INSYNC                          00000002
T1OSCEN                           00000003
T1SYNC                            00000002
T2CKPS0                           00000000
T2CKPS1                           00000001
T2CON                             00000012
TMR0                              00000001
TMR0IE                            00000005
TMR0IF                            00000002
TMR1                              0000000E
TMR1CS                            00000001
TMR1H                             0000000F
TMR1IE                            00000000
TMR1IF                            00000000
TMR1L                             0000000E
TMR1ON                            00000000
TMR2                              00000011
TMR2IE                            00000001
TMR2IF                            00000001
TMR2ON                            00000002
TOUTPS0                           00000003
TOUTPS1                           00000004
TOUTPS2                           00000005
TOUTPS3                           00000006
TRISA                             00000085
TRISA0                            00000000
TRISA1                            00000001
MPASM 5.87                    TIMER_MAIN.ASM   9-21-2023  14:43:27         PAGE  9


SYMBOL TABLE
  LABEL                             VALUE 

TRISA2                            00000002
TRISA3                            00000003
TRISA4                            00000004
TRISA5                            00000005
TRISB                             00000086
TRISB0                            00000000
TRISB1                            00000001
TRISB2                            00000002
TRISB3                            00000003
TRISB4                            00000004
TRISB5                            00000005
TRISB6                            00000006
TRISB7                            00000007
TRISC                             00000087
TRISC0                            00000000
TRISC1                            00000001
TRISC2                            00000002
TRISC3                            00000003
TRISC4                            00000004
TRISC5                            00000005
TRISC6                            00000006
TRISC7                            00000007
TRISD                             00000088
TRISD0                            00000000
TRISD1                            00000001
TRISD2                            00000002
TRISD3                            00000003
TRISD4                            00000004
TRISD5                            00000005
TRISD6                            00000006
TRISD7                            00000007
TRISE                             00000089
TRISE0                            00000000
TRISE1                            00000001
TRISE2                            00000002
TRMT                              00000001
TX8_9                             00000006
TX9                               00000006
TX9D                              00000000
TXD8                              00000000
TXEN                              00000005
TXIE                              00000004
TXIF                              00000004
TXREG                             00000019
TXSTA                             00000098
UA                                00000001
VAR_AUX                           00000021
W                                 00000000
WCOL                              00000007
WR                                00000001
WREN                              00000002
WRERR                             00000003
W_TEMP                            00000022
MPASM 5.87                    TIMER_MAIN.ASM   9-21-2023  14:43:27         PAGE 10


SYMBOL TABLE
  LABEL                             VALUE 

Z                                 00000002
_BODEN_OFF                        00003FBF
_BODEN_ON                         00003FFF
_BOREN_OFF                        00003FBF
_BOREN_ON                         00003FFF
_CONFIG                           00002007
_CPD_OFF                          00003FFF
_CPD_ON                           00003EFF
_CP_ALL                           00001FFF
_CP_OFF                           00003FFF
_CP_ON                            00001FFF
_DEBUG_OFF                        00003FFF
_DEBUG_ON                         000037FF
_DEVID1                           00002006
_FOSC_EXTRC                       00003FFF
_FOSC_HS                          00003FFE
_FOSC_LP                          00003FFC
_FOSC_XT                          00003FFD
_HS_OSC                           00003FFE
_IDLOC0                           00002000
_IDLOC1                           00002001
_IDLOC2                           00002002
_IDLOC3                           00002003
_LP_OSC                           00003FFC
_LVP_OFF                          00003F7F
_LVP_ON                           00003FFF
_PWRTE_OFF                        00003FFF
_PWRTE_ON                         00003FF7
_RC_OSC                           00003FFF
_WDTE_OFF                         00003FFB
_WDTE_ON                          00003FFF
_WDT_OFF                          00003FFB
_WDT_ON                           00003FFF
_WRT_1FOURTH                      00003BFF
_WRT_256                          00003DFF
_WRT_HALF                         000039FF
_WRT_OFF                          00003FFF
_XT_OSC                           00003FFD
__16F877A                         00000001

Errors   :     0
Warnings :     1 reported,     0 suppressed
Messages :     4 reported,     0 suppressed

